2025-09-10T13:18:25.725 application=api_v2 request_id=GGPuT7XS-2jplI4AAAkJ [info] Sent 200 in 64µs on GET /api/v2/config/backend-version?
2025-09-10T13:18:25.739 application=api_v2 request_id=GGPuT7XLPlexNkUAAAjJ [info] Sent 200 in 15ms on GET /api/v2/main-page/indexing-status?
2025-09-10T13:18:25.767 application=api_v2 request_id=GGPuT7XFl_6VnWoAAC6K [info] Sent 200 in 43ms on GET /api/v2/stats?
2025-09-10T13:18:25.953 application=api_v2 request_id=GGPuT762JFXbmq0AAAdI [info] Sent 200 in 79ms on GET /api/v2/main-page/indexing-status?
2025-09-10T13:18:25.958 application=api_v2 request_id=GGPuT8O8Box0BT8AABKL [info] Sent 501 in 36µs on GET /api/v2/proxy/account-abstraction/status?
2025-09-10T13:18:26.089 application=api_v2 request_id=GGPuT8qEFzM7VVIAAA2D [info] Sent 200 in 16ms on GET /api/v2/main-page/blocks?
2025-09-10T13:18:26.189 application=api_v2 request_id=GGPuT8uCo5IVCTgAAA4D [info] Sent 200 in 100ms on GET /api/v2/main-page/transactions?
2025-09-10T13:18:30.979 application=api_v2 request_id=GGPuUO4KGW7yjAUAABbB [info] Sent 200 in 16ms on GET /api/v2/main-page/indexing-status?
2025-09-10T13:18:30.982 application=api_v2 request_id=GGPuUO8rbfAHzesAABcB [info] Sent 501 in 32µs on GET /api/v2/proxy/account-abstraction/status?
2025-09-10T13:18:31.064 application=api_v2 request_id=GGPuUPQXCnW6DNEAABVL [info] Sent 200 in 46µs on GET /api/v2/config/backend-version?
2025-09-10T13:18:31.073 application=api_v2 request_id=GGPuUPPrvnWWCv4AABUL [info] Sent 200 in 11ms on GET /api/v2/stats?
2025-09-10T13:18:31.085 application=api_v2 request_id=GGPuUPP4FMS83pkAADEK [info] Sent 200 in 22ms on GET /api/v2/main-page/indexing-status?
2025-09-10T13:18:31.308 application=api_v2 request_id=GGPuUQJj8Jo-UbkAABXL [info] Sent 200 in 4ms on GET /api/v2/main-page/blocks?
2025-09-10T13:18:31.373 application=api_v2 request_id=GGPuUQRGcqI278sAABZL [info] Sent 200 in 36ms on GET /api/v2/main-page/transactions?
2025-09-10T13:18:35.996 application=api_v2 request_id=GGPuUhlZRiCgqt8AABaL [info] Sent 200 in 12ms on GET /api/v2/main-page/indexing-status?
2025-09-10T13:18:35.998 application=api_v2 request_id=GGPuUhos0BpstLYAABbL [info] Sent 501 in 26µs on GET /api/v2/proxy/account-abstraction/status?
2025-09-10T13:18:41.015 application=api_v2 request_id=GGPuU0Rnd4WSxigAABxC [info] Sent 200 in 12ms on GET /api/v2/main-page/indexing-status?
2025-09-10T13:18:41.016 application=api_v2 request_id=GGPuU0VF_-CoaCcAACDB [info] Sent 501 in 48µs on GET /api/v2/proxy/account-abstraction/status?
2025-09-10T13:18:46.025 application=api_v2 request_id=GGPuVG94i-ZegcsAABJI [info] Sent 200 in 5ms on GET /api/v2/main-page/indexing-status?
2025-09-10T13:18:46.027 application=api_v2 request_id=GGPuVG_pmhQ3O40AAAHH [info] Sent 501 in 20µs on GET /api/v2/proxy/account-abstraction/status?
2025-09-10T13:18:51.035 application=api_v2 request_id=GGPuVZomN63uVqoAABcI [info] Sent 200 in 4ms on GET /api/v2/main-page/indexing-status?
2025-09-10T13:18:51.036 application=api_v2 request_id=GGPuVZqGZr_X1xoAACtB [info] Sent 501 in 21µs on GET /api/v2/proxy/account-abstraction/status?
2025-09-10T13:18:58.439 application=api_v2 request_id=GGPuVsS__G76EvEAAC_B [info] Sent 200 in 5ms on GET /api/v2/main-page/indexing-status?
2025-09-10T13:18:58.441 application=api_v2 request_id=GGPuVsUnSkSDz8gAABeD [info] Sent 501 in 25µs on GET /api/v2/proxy/account-abstraction/status?
2025-09-10T13:19:03.447 application=api_v2 request_id=GGPuV-9Tae5a9CAAABmD [info] Sent 200 in 4ms on GET /api/v2/main-page/indexing-status?
2025-09-10T13:19:03.449 application=api_v2 request_id=GGPuV--rVC-mAXEAADxC [info] Sent 501 in 22µs on GET /api/v2/proxy/account-abstraction/status?
2025-09-10T13:19:03.655 application=api_v2 request_id=GGPuV_svJF0dtDgAADQB [info] Sent 200 in 13ms on GET /api/v2/stats?
2025-09-10T13:19:08.458 application=api_v2 request_id=GGPuWRnVlE-valIAAETC [info] Sent 200 in 6ms on GET /api/v2/main-page/indexing-status?
2025-09-10T13:19:08.460 application=api_v2 request_id=GGPuWRpX4q2cpsIAAG0G [info] Sent 501 in 20µs on GET /api/v2/proxy/account-abstraction/status?
2025-09-10T13:19:13.469 application=api_v2 request_id=GGPuWkSOaxrbdpMAADwB [info] Sent 200 in 5ms on GET /api/v2/main-page/indexing-status?
2025-09-10T13:19:13.470 application=api_v2 request_id=GGPuWkT7ymE3FocAADxB [info] Sent 501 in 23µs on GET /api/v2/proxy/account-abstraction/status?
2025-09-10T13:19:18.502 application=api_v2 request_id=GGPuW286zveQgyIAAFRC [info] Sent 200 in 28ms on GET /api/v2/main-page/indexing-status?
2025-09-10T13:19:18.504 application=api_v2 request_id=GGPuW3EHpM2cR_QAAEHB [info] Sent 501 in 29µs on GET /api/v2/proxy/account-abstraction/status?
2025-09-10T13:19:23.526 application=api_v2 request_id=GGPuXJtHyxokmlgAAEQB [info] Sent 200 in 17ms on GET /api/v2/main-page/indexing-status?
2025-09-10T13:19:23.527 application=api_v2 request_id=GGPuXJxtL3Zx6EoAAC8E [info] Sent 501 in 21µs on GET /api/v2/proxy/account-abstraction/status?
2025-09-10T13:19:30.008 application=api_v2 request_id=GGPuXqwmqE5EPg4AACNF [info] Sent 200 in 21ms on GET /api/v2/stats?
2025-09-10T13:19:30.021 application=api_v2 request_id=GGPuXq4uI5vQlvQAAEeB [info] Sent 200 in 32µs on GET /api/v2/config/backend-version?
2025-09-10T13:19:30.028 application=api_v2 request_id=GGPuXq4ohGDSIb8AACOF [info] Sent 200 in 7ms on GET /api/v2/main-page/indexing-status?
2025-09-10T13:19:30.728 application=api_v2 request_id=GGPuXteNWPnwlTAAAEgB [info] Sent 200 in 13ms on GET /api/v2/main-page/indexing-status?
2025-09-10T13:19:30.730 application=api_v2 request_id=GGPuXthzU7Q4mkEAAEhB [info] Sent 501 in 23µs on GET /api/v2/proxy/account-abstraction/status?
2025-09-10T13:19:32.298 application=api_v2 request_id=GGPuXzUYvDMQOSkAAErB [info] Sent 200 in 13ms on GET /api/v2/stats?
2025-09-10T13:19:32.593 application=api_v2 request_id=GGPuX0aVa9Hn4pIAAEsB [info] Sent 200 in 14ms on GET /api/v2/stats?
2025-09-10T13:19:34.360 application=api_v2 request_id=GGPuX7DXZ0GY98gAAExB [info] Sent 200 in 38µs on GET /api/v2/config/backend-version?
2025-09-10T13:19:34.367 application=api_v2 request_id=GGPuX7BYX4bOz1UAAEvB [info] Sent 200 in 14ms on GET /api/v2/stats?
2025-09-10T13:19:34.373 application=api_v2 request_id=GGPuX7DHjd46oUEAAEwB [info] Sent 200 in 13ms on GET /api/v2/main-page/indexing-status?
2025-09-10T13:19:35.746 application=api_v2 request_id=GGPuYAKsTFRrkOYAAE2B [info] Sent 200 in 12ms on GET /api/v2/main-page/indexing-status?
2025-09-10T13:19:35.747 application=api_v2 request_id=GGPuYAOB1pv7lZYAAIHG [info] Sent 501 in 21µs on GET /api/v2/proxy/account-abstraction/status?
2025-09-10T13:19:40.757 application=api_v2 request_id=GGPuYS2uLxrkjvkAAFAB [info] Sent 200 in 6ms on GET /api/v2/main-page/indexing-status?
2025-09-10T13:19:40.758 application=api_v2 request_id=GGPuYS4tRxHe02wAAFBB [info] Sent 501 in 27µs on GET /api/v2/proxy/account-abstraction/status?
2025-09-10T13:19:45.767 application=api_v2 request_id=GGPuYlhhl5FYLnIAAFNB [info] Sent 200 in 5ms on GET /api/v2/main-page/indexing-status?
2025-09-10T13:19:45.769 application=api_v2 request_id=GGPuYljRneKF8GgAAFOB [info] Sent 501 in 18µs on GET /api/v2/proxy/account-abstraction/status?
2025-09-10T13:19:50.776 application=api_v2 request_id=GGPuY4MGavogN9YAAFYB [info] Sent 200 in 4ms on GET /api/v2/main-page/indexing-status?
2025-09-10T13:19:50.778 application=api_v2 request_id=GGPuY4NkzTK0JLIAACRH [info] Sent 501 in 29µs on GET /api/v2/proxy/account-abstraction/status?
2025-09-10T13:19:55.793 application=api_v2 request_id=GGPuZK2acOhOoEwAAFsB [info] Sent 200 in 12ms on GET /api/v2/main-page/indexing-status?
2025-09-10T13:19:55.795 application=api_v2 request_id=GGPuZK5yKfN3DTQAAFtB [info] Sent 501 in 21µs on GET /api/v2/proxy/account-abstraction/status?
2025-09-10T13:19:56.313 application=api_v2 request_id=GGPuZMzEJX58f4sAAJHG [info] Sent 200 in 9ms on GET /api/v2/tokens?
2025-09-10T13:19:56.313 application=api_v2 request_id=GGPuZMyUHHQL7mcAAFvB [info] Sent 200 in 12ms on GET /api/v2/blocks?type=block
2025-09-10T13:19:56.317 application=api_v2 request_id=GGPuZMzGbpncVqcAAFzB [info] Sent 200 in 13ms on GET /api/v2/smart-contracts?
2025-09-10T13:19:56.328 application=api_v2 request_id=GGPuZMzTaUbUirMAAJJG [info] Sent 200 in 23ms on GET /api/v2/addresses?
2025-09-10T13:19:57.024 application=api_v2 request_id=GGPuZMyTPqiJ1NkAAHfC [info] Sent 200 in 69ms on GET /api/v2/transactions?filter=validated
2025-09-10T13:20:02.844 application=api_v2 request_id=GGPuZdijwtjoFFsAADIF [info] Sent 200 in 7ms on GET /api/v2/main-page/indexing-status?
2025-09-10T13:20:02.846 application=api_v2 request_id=GGPuZdk3vtrXVNQAAGOB [info] Sent 501 in 30µs on GET /api/v2/proxy/account-abstraction/status?
2025-09-10T13:20:05.954 application=api_v2 request_id=GGPuZpGQgsSlV1YAAGUB [info] Sent 200 in 15ms on GET /api/v2/stats?
2025-09-10T13:20:06.468 application=api_v2 request_id=GGPuZrA9mERD5vkAAGVB [info] Sent 200 in 14ms on GET /api/v2/stats?
2025-09-10T13:20:07.856 application=api_v2 request_id=GGPuZwNzKjOWtOUAAGhB [info] Sent 200 in 6ms on GET /api/v2/main-page/indexing-status?
2025-09-10T13:20:07.858 application=api_v2 request_id=GGPuZwP3jZDGW9YAAGiB [info] Sent 501 in 24µs on GET /api/v2/proxy/account-abstraction/status?
2025-09-10T13:20:12.866 application=api_v2 request_id=GGPuaC4mRNU-ePkAAGzB [info] Sent 200 in 5ms on GET /api/v2/main-page/indexing-status?
2025-09-10T13:20:12.868 application=api_v2 request_id=GGPuaC6QhPJeAjkAAD_D [info] Sent 501 in 22µs on GET /api/v2/proxy/account-abstraction/status?
2025-09-10T13:20:17.876 application=api_v2 request_id=GGPuaVjHF5abd_AAAD1F [info] Sent 200 in 5ms on GET /api/v2/main-page/indexing-status?
2025-09-10T13:20:17.878 application=api_v2 request_id=GGPuaVkvvq-5ZwsAAD2F [info] Sent 501 in 20µs on GET /api/v2/proxy/account-abstraction/status?
2025-09-10T13:20:22.885 application=api_v2 request_id=GGPuaoNXOiXOfpoAAD9F [info] Sent 200 in 4ms on GET /api/v2/main-page/indexing-status?
2025-09-10T13:20:22.887 application=api_v2 request_id=GGPuaoPFeK9kAQUAAD_F [info] Sent 501 in 25µs on GET /api/v2/proxy/account-abstraction/status?
2025-09-10T13:20:24.183 application=api_v2 request_id=GGPuatDD4qLmWc8AAHtB [info] Sent 200 in 3ms on GET /api/v2/smart-contracts?
2025-09-10T13:20:24.187 application=api_v2 request_id=GGPuatDHswNvRgEAAIYC [info] Sent 200 in 7ms on GET /api/v2/tokens?
2025-09-10T13:20:24.189 application=api_v2 request_id=GGPuatDMDdU7v4wAAIZC [info] Sent 200 in 9ms on GET /api/v2/blocks?type=block
2025-09-10T13:20:24.193 application=api_v2 request_id=GGPuatDE-7tYnJ0AAEAF [info] Sent 200 in 14ms on GET /api/v2/addresses?
2025-09-10T13:20:24.248 application=api_v2 request_id=GGPuatDDD6Z6MzEAAG3E [info] Sent 200 in 69ms on GET /api/v2/transactions?filter=validated
2025-09-10T13:20:27.895 application=api_v2 request_id=GGPua631iCI-z9wAAH8B [info] Sent 200 in 4ms on GET /api/v2/main-page/indexing-status?
2025-09-10T13:20:27.897 application=api_v2 request_id=GGPua65Z89HhT18AAH9B [info] Sent 501 in 22µs on GET /api/v2/proxy/account-abstraction/status?
2025-09-10T13:20:30.815 application=api_v2 request_id=GGPua-Mi4bOAnp4AAIEB [info] Sent 200 in 130µs on GET /api/v2/config/backend-version?
2025-09-10T13:20:30.822 application=api_v2 request_id=GGPua-MkJ34k2NQAAERF [info] Sent 200 in 7ms on GET /api/v2/main-page/indexing-status?
2025-09-10T13:20:30.827 application=api_v2 request_id=GGPua-L1sjtM2hUAAEQF [info] Sent 200 in 14ms on GET /api/v2/stats?
2025-09-10T13:20:31.111 application=api_v2 request_id=GGPua_StVS0RA04AAILB [info] Sent 200 in 1ms on GET /api/v2/main-page/blocks?
2025-09-10T13:20:31.193 application=api_v2 request_id=GGPubOojvCmsIJkAAIMB [info] Sent 200 in 36ms on GET /api/v2/main-page/transactions?
2025-09-10T13:20:34.938 application=api_v2 request_id=GGPubcss0mTXPskAAIYB [info] Sent 200 in 5ms on GET /api/v2/main-page/indexing-status?
2025-09-10T13:20:34.939 application=api_v2 request_id=GGPubcugU5lnChYAAIZB [info] Sent 501 in 21µs on GET /api/v2/proxy/account-abstraction/status?
2025-09-10T13:20:38.451 application=api_v2 request_id=GGPubpxhK3pZns0AAIyB [info] Sent 200 in 9ms on GET /api/v2/stats?
2025-09-10T13:20:39.948 application=api_v2 request_id=GGPubvXH_2VsN3YAAElF [info] Sent 200 in 6ms on GET /api/v2/main-page/indexing-status?
2025-09-10T13:20:39.950 application=api_v2 request_id=GGPubvZE0uD4AB0AAFiD [info] Sent 501 in 25µs on GET /api/v2/proxy/account-abstraction/status?
2025-09-10T13:20:41.691 application=api_v2 request_id=GGPub12SzeZBfmEAAFwD [info] Sent 200 in 8ms on GET /api/v2/blocks?type=block
2025-09-10T13:20:41.706 application=api_v2 request_id=GGPub169JDl1DsUAAFxD [info] Sent 200 in 3ms on GET /api/v2/tokens?
2025-09-10T13:20:41.720 application=api_v2 request_id=GGPub1-NL7VHYhcAAI8B [info] Sent 200 in 4ms on GET /api/v2/addresses?
2025-09-10T13:20:41.735 application=api_v2 request_id=GGPub2ClGIJ5jTEAAFyD [info] Sent 200 in 706µs on GET /api/v2/smart-contracts?
2025-09-10T13:20:41.784 application=api_v2 request_id=GGPub2Ck9tNQ_cAAAI9B [info] Sent 200 in 49ms on GET /api/v2/transactions?filter=validated
2025-09-10T13:20:44.957 application=api_v2 request_id=GGPucCB2Zw6OoKgAAE8F [info] Sent 200 in 4ms on GET /api/v2/main-page/indexing-status?
2025-09-10T13:20:44.959 application=api_v2 request_id=GGPucCDZUR0l_HEAAGAD [info] Sent 501 in 26µs on GET /api/v2/proxy/account-abstraction/status?
2025-09-10T13:20:49.966 application=api_v2 request_id=GGPucUsEzSqvFU8AAGKD [info] Sent 200 in 4ms on GET /api/v2/main-page/indexing-status?
2025-09-10T13:20:49.969 application=api_v2 request_id=GGPucUtveMw6UaUAAGLD [info] Sent 501 in 26µs on GET /api/v2/proxy/account-abstraction/status?
2025-09-10T13:20:54.978 application=api_v2 request_id=GGPucnWwWrCLtFAAAGaD [info] Sent 200 in 5ms on GET /api/v2/main-page/indexing-status?
2025-09-10T13:20:54.979 application=api_v2 request_id=GGPucnYZMJX5BAUAAGbD [info] Sent 501 in 21µs on GET /api/v2/proxy/account-abstraction/status?
2025-09-10T13:20:59.987 application=api_v2 request_id=GGPuc6BBMnJfSX8AAJSE [info] Sent 200 in 4ms on GET /api/v2/main-page/indexing-status?
2025-09-10T13:20:59.988 application=api_v2 request_id=GGPuc6CmOn5yzAYAAGrD [info] Sent 501 in 24µs on GET /api/v2/proxy/account-abstraction/status?
2025-09-10T13:21:07.246 application=api_v2 request_id=GGPudMrNul1LAW8AAG0D [info] Sent 200 in 4ms on GET /api/v2/main-page/indexing-status?
2025-09-10T13:21:07.247 application=api_v2 request_id=GGPudMsj0DLCufUAAG1D [info] Sent 501 in 24µs on GET /api/v2/proxy/account-abstraction/status?
2025-09-10T13:21:11.811 application=api_v2 request_id=GGPuddqWrP_Ffs0AAHCD [info] Sent 200 in 9ms on GET /api/v2/stats?
2025-09-10T13:21:12.255 application=api_v2 request_id=GGPudfVaKHf4L4cAAHED [info] Sent 200 in 4ms on GET /api/v2/main-page/indexing-status?
2025-09-10T13:21:12.257 application=api_v2 request_id=GGPudfW1E8wACUwAAHFD [info] Sent 501 in 23µs on GET /api/v2/proxy/account-abstraction/status?
2025-09-10T13:21:17.262 application=api_v2 request_id=GGPudx_dwWb_qM0AAHPD [info] Sent 200 in 2ms on GET /api/v2/main-page/indexing-status?
2025-09-10T13:21:17.263 application=api_v2 request_id=GGPudyAhV2bKsO0AAHQD [info] Sent 501 in 20µs on GET /api/v2/proxy/account-abstraction/status?
2025-09-10T13:21:22.270 application=api_v2 request_id=GGPueEpPN7WRyuQAAKPG [info] Sent 200 in 3ms on GET /api/v2/main-page/indexing-status?
2025-09-10T13:21:22.272 application=api_v2 request_id=GGPueEqm3nYupBIAAHTD [info] Sent 501 in 22µs on GET /api/v2/proxy/account-abstraction/status?
2025-09-10T13:21:27.284 application=api_v2 request_id=GGPueXTTY6yuHNYAAHYD [info] Sent 200 in 9ms on GET /api/v2/main-page/indexing-status?
2025-09-10T13:21:27.286 application=api_v2 request_id=GGPueXWExj9xZioAAHZD [info] Sent 501 in 20µs on GET /api/v2/proxy/account-abstraction/status?
2025-09-10T13:21:32.291 application=api_v2 request_id=GGPuep-uBqQGPiMAAKqE [info] Sent 200 in 2ms on GET /api/v2/main-page/indexing-status?
2025-09-10T13:21:32.293 application=api_v2 request_id=GGPuep_yyBYjePcAAHHF [info] Sent 501 in 22µs on GET /api/v2/proxy/account-abstraction/status?
2025-09-10T13:21:39.322 application=api_v2 request_id=GGPufMi84sybVBYAAH5D [info] Sent 200 in 6ms on GET /api/v2/main-page/indexing-status?
2025-09-10T13:21:39.324 application=api_v2 request_id=GGPufMk6HnlQ1fMAAH6D [info] Sent 501 in 24µs on GET /api/v2/proxy/account-abstraction/status?
2025-09-10T13:21:44.331 application=api_v2 request_id=GGPuffN1HM_TZhwAAIID [info] Sent 200 in 3ms on GET /api/v2/main-page/indexing-status?
2025-09-10T13:21:44.332 application=api_v2 request_id=GGPuffPBGlC_iP8AAIJD [info] Sent 501 in 24µs on GET /api/v2/proxy/account-abstraction/status?
2025-09-10T13:21:45.147 application=api_v2 request_id=GGPufiPblCMZfXkAAIQD [info] Sent 200 in 7ms on GET /api/v2/stats?
2025-09-10T13:21:46.535 application=api_v2 request_id=GGPufnaz8FfzGtQAAIUD [info] Sent 200 in 5ms on GET /api/v2/main-page/indexing-status?
2025-09-10T13:21:46.539 application=api_v2 request_id=GGPufna5KFXEl6QAAIVD [info] Sent 200 in 9ms on GET /api/v2/stats?
2025-09-10T13:21:46.547 application=api_v2 request_id=GGPufnfEkhz7gTQAAIWD [info] Sent 200 in 43µs on GET /api/v2/config/backend-version?
2025-09-10T13:21:46.778 application=api_v2 request_id=GGPufoV2p58q8qEAAP7B [info] Sent 200 in 1ms on GET /api/v2/main-page/blocks?
2025-09-10T13:21:46.835 application=api_v2 request_id=GGPufod9cagGD9UAAIZD [info] Sent 200 in 23ms on GET /api/v2/main-page/transactions?
2025-09-10T13:21:49.341 application=api_v2 request_id=GGPufx4I05Aq6icAAIcD [info] Sent 200 in 4ms on GET /api/v2/main-page/indexing-status?
2025-09-10T13:21:49.342 application=api_v2 request_id=GGPufx5jjOUN7hAAAIdD [info] Sent 501 in 22µs on GET /api/v2/proxy/account-abstraction/status?
2025-09-10T13:21:54.349 application=api_v2 request_id=GGPugEiNUp_gLFkAAIiD [info] Sent 200 in 4ms on GET /api/v2/main-page/indexing-status?
2025-09-10T13:21:54.351 application=api_v2 request_id=GGPugEjshSICE2YAAIjD [info] Sent 501 in 24µs on GET /api/v2/proxy/account-abstraction/status?
2025-09-10T13:21:55.192 application=api_v2 request_id=GGPugHrUMuNiKCkAAIlD [info] Sent 200 in 3ms on GET /api/v2/main-page/indexing-status?
2025-09-10T13:21:55.193 application=api_v2 request_id=GGPugHpoQsLKeesAAIkD [info] Sent 200 in 11ms on GET /api/v2/stats?
2025-09-10T13:21:55.198 application=api_v2 request_id=GGPugHtsJ_k2Nv0AAImD [info] Sent 200 in 54µs on GET /api/v2/config/backend-version?
2025-09-10T13:21:59.357 application=api_v2 request_id=GGPugXMcS8hapZQAAI-D [info] Sent 200 in 3ms on GET /api/v2/main-page/indexing-status?
2025-09-10T13:21:59.359 application=api_v2 request_id=GGPugXNmG6zZjCUAAI_D [info] Sent 501 in 22µs on GET /api/v2/proxy/account-abstraction/status?
2025-09-10T13:22:04.365 application=api_v2 request_id=GGPugp2nH1mG8O0AAJUD [info] Sent 200 in 3ms on GET /api/v2/main-page/indexing-status?
2025-09-10T13:22:04.367 application=api_v2 request_id=GGPugp3voe6OjtAAAJVD [info] Sent 501 in 25µs on GET /api/v2/proxy/account-abstraction/status?
2025-09-10T13:22:10.015 application=api_v2 request_id=GGPug8gpav84ILUAAJsD [info] Sent 200 in 4ms on GET /api/v2/main-page/indexing-status?
2025-09-10T13:22:10.017 application=api_v2 request_id=GGPug8iOuO4PueQAAJtD [info] Sent 501 in 23µs on GET /api/v2/proxy/account-abstraction/status?
2025-09-10T13:22:15.026 application=api_v2 request_id=GGPuhPLEriGyqlAAAJxD [info] Sent 200 in 5ms on GET /api/v2/main-page/indexing-status?
2025-09-10T13:22:15.028 application=api_v2 request_id=GGPuhPM2fFkjTSQAAJyD [info] Sent 501 in 27µs on GET /api/v2/proxy/account-abstraction/status?
2025-09-10T13:22:17.550 application=api_v2 request_id=GGPuhYj6aUz872UAAC-H [info] Sent 200 in 9ms on GET /api/v2/stats?
2025-09-10T13:22:17.649 application=api_v2 request_id=GGPuhY71EqkOw60AAJ1D [info] Sent 200 in 8ms on GET /api/v2/stats?
2025-09-10T13:22:20.035 application=api_v2 request_id=GGPuhh1z7bwWErAAAJ5D [info] Sent 200 in 3ms on GET /api/v2/main-page/indexing-status?
2025-09-10T13:22:20.037 application=api_v2 request_id=GGPuhh3Fj_HERQgAAJ6D [info] Sent 501 in 30µs on GET /api/v2/proxy/account-abstraction/status?
2025-09-10T13:22:27.434 application=api_v2 request_id=GGPuh0f8AOQvsRsAAJ-D [info] Sent 200 in 3ms on GET /api/v2/main-page/indexing-status?
2025-09-10T13:22:27.436 application=api_v2 request_id=GGPuh0hNpn_AgcUAAJcF [info] Sent 501 in 20µs on GET /api/v2/proxy/account-abstraction/status?
2025-09-10T13:22:32.443 application=api_v2 request_id=GGPuiHJ_L3bIM5EAANpE [info] Sent 200 in 4ms on GET /api/v2/main-page/indexing-status?
2025-09-10T13:22:32.445 application=api_v2 request_id=GGPuiHLb-mTSVDAAAKFD [info] Sent 501 in 43µs on GET /api/v2/proxy/account-abstraction/status?
2025-09-10T13:22:37.450 application=api_v2 request_id=GGPuiZ0I-wYEd60AAKHD [info] Sent 200 in 2ms on GET /api/v2/main-page/indexing-status?
2025-09-10T13:22:37.452 application=api_v2 request_id=GGPuiZ1PPiW35n8AAKID [info] Sent 501 in 20µs on GET /api/v2/proxy/account-abstraction/status?
2025-09-10T13:22:43.769 application=api_v2 request_id=GGPui8pBAze-SCwAAWMB [info] Sent 200 in 3ms on GET /api/v2/main-page/indexing-status?
2025-09-10T13:22:43.771 application=api_v2 request_id=GGPui8qWo0q2NpcAAKPD [info] Sent 501 in 24µs on GET /api/v2/proxy/account-abstraction/status?
2025-09-10T13:22:48.778 application=api_v2 request_id=GGPujPTOnTH_WegAAKZD [info] Sent 200 in 3ms on GET /api/v2/main-page/indexing-status?
2025-09-10T13:22:48.780 application=api_v2 request_id=GGPujPUhLCGQSt4AAW6B [info] Sent 501 in 37µs on GET /api/v2/proxy/account-abstraction/status?
2025-09-10T13:22:49.823 application=api_v2 request_id=GGPujTLqrdP_sEEAAXHB [info] Sent 200 in 6ms on GET /api/v2/stats?
2025-09-10T13:22:50.006 application=api_v2 request_id=GGPujT2-KbgfyGkAAN9E [info] Sent 200 in 7ms on GET /api/v2/stats?
2025-09-10T13:22:53.785 application=api_v2 request_id=GGPujh9KWAn36fYAAM8G [info] Sent 200 in 2ms on GET /api/v2/main-page/indexing-status?
2025-09-10T13:22:53.787 application=api_v2 request_id=GGPujh-RASoenPkAAKPF [info] Sent 501 in 19µs on GET /api/v2/proxy/account-abstraction/status?
2025-09-10T13:22:58.793 application=api_v2 request_id=GGPuj0m7ZncveyAAAKVF [info] Sent 200 in 4ms on GET /api/v2/main-page/indexing-status?
2025-09-10T13:22:58.795 application=api_v2 request_id=GGPuj0oZ_HgNvBYAAXsB [info] Sent 501 in 21µs on GET /api/v2/proxy/account-abstraction/status?
2025-09-10T13:23:03.802 application=api_v2 request_id=GGPukHROVj6W_2YAAPXE [info] Sent 200 in 4ms on GET /api/v2/main-page/indexing-status?
2025-09-10T13:23:03.804 application=api_v2 request_id=GGPukHSmegPeDiMAAX8B [info] Sent 501 in 22µs on GET /api/v2/proxy/account-abstraction/status?
2025-09-10T13:23:08.811 application=api_v2 request_id=GGPukZ7Y_ZIJT2IAAYOB [info] Sent 200 in 3ms on GET /api/v2/main-page/indexing-status?
2025-09-10T13:23:08.813 application=api_v2 request_id=GGPukZ8t-pvlNLIAAYPB [info] Sent 501 in 19µs on GET /api/v2/proxy/account-abstraction/status?
