2025-09-10T13:18:24.259 application=explorer [info] tx/per day chart: collect records for transactions per day stats
2025-09-10T13:18:24.259 application=explorer [info] tx/per day chart: earliest date 2025-09-01 00:00:00Z
2025-09-10T13:18:24.259 application=explorer [info] tx/per day chart: latest date 2025-09-01 23:59:59Z
2025-09-10T13:18:24.531 application=explorer [info] tx/per day chart: timestamp cannot be converted to min/max blocks, trying to find min/max blocks through a fallback option}
2025-09-10T13:18:24.555 application=explorer [warning] tx/per day chart: failed to get min/max blocks through a fallback option}
2025-09-10T13:18:24.555 application=explorer [info] tx/per day chart: collect records for transactions per day stats
2025-09-10T13:18:24.555 application=explorer [info] tx/per day chart: earliest date 2025-09-02 00:00:00Z
2025-09-10T13:18:24.555 application=explorer [info] tx/per day chart: latest date 2025-09-02 23:59:59Z
2025-09-10T13:18:24.572 application=explorer [info] tx/per day chart: timestamp cannot be converted to min/max blocks, trying to find min/max blocks through a fallback option}
2025-09-10T13:18:24.574 application=explorer [info] SanitizeIncorrectNFTTokenTransfers `delete_erc_721` step is finished
2025-09-10T13:18:24.575 application=explorer [info] SanitizeIncorrectWETHTokenTransfers deletion of duplicates finished, continuing with deletion of not whitelisted weth transfers
2025-09-10T13:18:24.579 application=explorer [warning] tx/per day chart: failed to get min/max blocks through a fallback option}
2025-09-10T13:18:24.579 application=explorer [info] tx/per day chart: collect records for transactions per day stats
2025-09-10T13:18:24.580 application=explorer [info] tx/per day chart: earliest date 2025-09-03 00:00:00Z
2025-09-10T13:18:24.580 application=explorer [info] tx/per day chart: latest date 2025-09-03 23:59:59Z
2025-09-10T13:18:24.582 application=explorer [info] tx/per day chart: timestamp cannot be converted to min/max blocks, trying to find min/max blocks through a fallback option}
2025-09-10T13:18:24.588 application=explorer [warning] tx/per day chart: failed to get min/max blocks through a fallback option}
2025-09-10T13:18:24.588 application=explorer [info] tx/per day chart: collect records for transactions per day stats
2025-09-10T13:18:24.588 application=explorer [info] tx/per day chart: earliest date 2025-09-04 00:00:00Z
2025-09-10T13:18:24.588 application=explorer [info] tx/per day chart: latest date 2025-09-04 23:59:59Z
2025-09-10T13:18:24.589 application=explorer [info] SanitizeIncorrectNFTTokenTransfers `delete_erc_1155` step is finished
2025-09-10T13:18:24.596 application=explorer [info] tx/per day chart: timestamp cannot be converted to min/max blocks, trying to find min/max blocks through a fallback option}
2025-09-10T13:18:24.602 application=explorer [warning] tx/per day chart: failed to get min/max blocks through a fallback option}
2025-09-10T13:18:24.602 application=explorer [info] tx/per day chart: collect records for transactions per day stats
2025-09-10T13:18:24.602 application=explorer [info] tx/per day chart: earliest date 2025-09-05 00:00:00Z
2025-09-10T13:18:24.602 application=explorer [info] tx/per day chart: latest date 2025-09-05 23:59:59Z
2025-09-10T13:18:24.606 application=explorer [info] SanitizeIncorrectNFTTokenTransfers migration finished
2025-09-10T13:18:24.611 application=explorer [info] tx/per day chart: timestamp cannot be converted to min/max blocks, trying to find min/max blocks through a fallback option}
2025-09-10T13:18:24.616 application=explorer [warning] tx/per day chart: failed to get min/max blocks through a fallback option}
2025-09-10T13:18:24.616 application=explorer [info] tx/per day chart: collect records for transactions per day stats
2025-09-10T13:18:24.616 application=explorer [info] tx/per day chart: earliest date 2025-09-06 00:00:00Z
2025-09-10T13:18:24.616 application=explorer [info] tx/per day chart: latest date 2025-09-06 23:59:59Z
2025-09-10T13:18:24.625 application=explorer [info] tx/per day chart: timestamp cannot be converted to min/max blocks, trying to find min/max blocks through a fallback option}
2025-09-10T13:18:24.631 application=explorer [warning] tx/per day chart: failed to get min/max blocks through a fallback option}
2025-09-10T13:18:24.631 application=explorer [info] tx/per day chart: collect records for transactions per day stats
2025-09-10T13:18:24.631 application=explorer [info] tx/per day chart: earliest date 2025-09-07 00:00:00Z
2025-09-10T13:18:24.631 application=explorer [info] tx/per day chart: latest date 2025-09-07 23:59:59Z
2025-09-10T13:18:24.637 application=explorer [info] tx/per day chart: timestamp cannot be converted to min/max blocks, trying to find min/max blocks through a fallback option}
2025-09-10T13:18:24.642 application=explorer [warning] tx/per day chart: failed to get min/max blocks through a fallback option}
2025-09-10T13:18:24.642 application=explorer [info] tx/per day chart: collect records for transactions per day stats
2025-09-10T13:18:24.642 application=explorer [info] tx/per day chart: earliest date 2025-09-08 00:00:00Z
2025-09-10T13:18:24.642 application=explorer [info] tx/per day chart: latest date 2025-09-08 23:59:59Z
2025-09-10T13:18:24.648 application=explorer [info] tx/per day chart: timestamp cannot be converted to min/max blocks, trying to find min/max blocks through a fallback option}
2025-09-10T13:18:24.649 application=explorer [warning] tx/per day chart: failed to get min/max blocks through a fallback option}
2025-09-10T13:18:24.649 application=explorer [info] tx/per day chart: collect records for transactions per day stats
2025-09-10T13:18:24.649 application=explorer [info] tx/per day chart: earliest date 2025-09-09 00:00:00Z
2025-09-10T13:18:24.649 application=explorer [info] tx/per day chart: latest date 2025-09-09 23:59:59Z
2025-09-10T13:18:24.656 application=explorer [info] tx/per day chart: timestamp cannot be converted to min/max blocks, trying to find min/max blocks through a fallback option}
2025-09-10T13:18:24.657 application=explorer [warning] tx/per day chart: failed to get min/max blocks through a fallback option}
2025-09-10T13:18:24.657 application=explorer [info] tx/per day chart: collect records for transactions per day stats
2025-09-10T13:18:24.657 application=explorer [info] tx/per day chart: records collected [%{date: ~D[2025-09-09], gas_used: 0, number_of_transactions: 0, total_fee: 0}, %{date: ~D[2025-09-08], gas_used: 0, number_of_transactions: 0, total_fee: 0}, %{date: ~D[2025-09-07], gas_used: 0, number_of_transactions: 0, total_fee: 0}, %{date: ~D[2025-09-06], gas_used: 0, number_of_transactions: 0, total_fee: 0}, %{date: ~D[2025-09-05], gas_used: 0, number_of_transactions: 0, total_fee: 0}, %{date: ~D[2025-09-04], gas_used: 0, number_of_transactions: 0, total_fee: 0}, %{date: ~D[2025-09-03], gas_used: 0, number_of_transactions: 0, total_fee: 0}, %{date: ~D[2025-09-02], gas_used: 0, number_of_transactions: 0, total_fee: 0}, %{date: ~D[2025-09-01], gas_used: 0, number_of_transactions: 0, total_fee: 0}]
2025-09-10T13:18:24.657 application=explorer [info] tx/per day chart: save records
2025-09-10T13:18:24.663 application=explorer [info] tx/per day chart: number of inserted 10
2025-09-10T13:18:39.256 application=explorer [info] Fetching chain spec path: nil.
2025-09-10T13:18:39.256 application=explorer [info] Fetching precompiled config path: nil.
2025-09-10T13:18:39.256 application=explorer [warning] Genesis data is not fetched. Neither chain spec path or precompiles config path are set.
